<?xml version="1.0" encoding="UTF-8"?>
<testng-results skipped="0" failed="0" ignored="0" total="2" passed="2">
  <reporter-output>
  </reporter-output>
  <suite name="Suite" duration-ms="51" started-at="2020-03-03T11:40:29Z" finished-at="2020-03-03T11:40:29Z">
    <groups>
    </groups>
    <test name="Test" duration-ms="51" started-at="2020-03-03T11:40:29Z" finished-at="2020-03-03T11:40:29Z">
      <class name="selenium.RESTAPITest">
        <test-method status="PASS" signature="rest()[pri:0, instance:selenium.RESTAPITest@61832929]" name="rest" duration-ms="2" started-at="2020-03-03T12:40:29Z" finished-at="2020-03-03T12:40:29Z">
          <reporter-output>
          </reporter-output>
        </test-method> <!-- rest -->
      </class> <!-- selenium.RESTAPITest -->
      <class name="selenium.SeleniumTest">
        <test-method status="PASS" signature="selenium()[pri:0, instance:selenium.SeleniumTest@4501b7af]" name="selenium" duration-ms="15" started-at="2020-03-03T12:40:29Z" finished-at="2020-03-03T12:40:29Z">
          <reporter-output>
          </reporter-output>
        </test-method> <!-- selenium -->
      </class> <!-- selenium.SeleniumTest -->
    </test> <!-- Test -->
  </suite> <!-- Suite -->
</testng-results>
